system   I             system.c:245  al_install_system                [   0.00096] Allegro version: 5.1.12 (WIP)
audio-dsound D           dsound.cpp:258  _dsound_open                     [   0.00129] Loading DirectSound module
system   D            wsystem.c:674  maybe_parent_dir                 [   0.00188] Also searching C:\Users\Administrador\Desktop\TrabajoPractico-PG-2-pt1\TrabajoPractico PG 2 pt1\bin\
system   D            wsystem.c:724  _al_win_safe_load_library        [   0.00207] PathFindOnPath found: C:\WINDOWS\system32\dsound.dll
system   D            wsystem.c:635  load_library_at_path             [   0.00209] Calling LoadLibrary C:\WINDOWS\system32\dsound.dll
system   I            wsystem.c:638  load_library_at_path             [   0.00451] Loaded C:\WINDOWS\system32\dsound.dll
audio-dsound I           dsound.cpp:275  _dsound_open                     [   0.00455] Starting DirectSound...
audio-dsound D           dsound.cpp:285  _dsound_open                     [   0.02782] DirectSoundCreate8 succeeded
audio    I              audio.c:347  do_install_audio                 [   0.02949] Using DirectSound driver
system   D            wsystem.c:674  maybe_parent_dir                 [   0.02969] Also searching C:\Users\Administrador\Desktop\TrabajoPractico-PG-2-pt1\TrabajoPractico PG 2 pt1\bin\
system   D            wsystem.c:724  _al_win_safe_load_library        [   0.02984] PathFindOnPath found: C:\WINDOWS\system32\d3d9.dll
system   D            wsystem.c:635  load_library_at_path             [   0.02986] Calling LoadLibrary C:\WINDOWS\system32\d3d9.dll
system   I            wsystem.c:638  load_library_at_path             [   0.03243] Loaded C:\WINDOWS\system32\d3d9.dll
d3d      I         d3d_disp.cpp:672  d3d_init_display                 [   0.07764] Render-to-texture: 1
d3d      I         d3d_disp.cpp:1770 d3d_create_display_locked        [   0.07824] faux_fullscreen=0
d3d      D         d3d_disp.cpp:1771 d3d_create_display_locked        [   0.07828] al_display=058F9330
d3d      D         d3d_disp.cpp:1772 d3d_create_display_locked        [   0.07830] al_display->vt=03000418
d3d      I d3d_display_formats.cpp:144  _al_d3d_generate_display_format_list [   0.08329] found 160 format combinations
display  D   display_settings.c:202  debug_display_settings           [   0.08336] color: 32 (rgba 8880), depth: 0, stencil: 0, acc: 0000, samples: 0/0
display  D   display_settings.c:517  _al_score_display_settings       [   0.08340] Score is : 897
display  D   display_settings.c:202  debug_display_settings           [   0.08342] color: 32 (rgba 8880), depth: 0, stencil: 0, acc: 0000, samples: 0/0
display  D   display_settings.c:517  _al_score_display_settings       [   0.08344] Score is : 897
display  D   display_settings.c:202  debug_display_settings           [   0.08346] color: 32 (rgba 8880), depth: 0, stencil: 0, acc: 0000, samples: 2/1
display  D   display_settings.c:517  _al_score_display_settings       [   0.08348] Score is : 726
display  D   display_settings.c:202  debug_display_settings           [   0.08349] color: 32 (rgba 8880), depth: 0, stencil: 0, acc: 0000, samples: 3/1
display  D   display_settings.c:517  _al_score_display_settings       [   0.08352] Score is : 721
display  D   display_settings.c:202  debug_display_settings           [   0.08353] color: 32 (rgba 8880), depth: 0, stencil: 0, acc: 0000, samples: 4/1
display  D   display_settings.c:517  _al_score_display_settings       [   0.08355] Score is : 717
display  D   display_settings.c:202  debug_display_settings           [   0.08357] color: 32 (rgba 8880), depth: 24, stencil: 8, acc: 0000, samples: 0/0
display  D   display_settings.c:517  _al_score_display_settings       [   0.08359] Score is : 897
display  D   display_settings.c:202  debug_display_settings           [   0.08361] color: 32 (rgba 8880), depth: 24, stencil: 8, acc: 0000, samples: 0/0
display  D   display_settings.c:517  _al_score_display_settings       [   0.08363] Score is : 897
display  D   display_settings.c:202  debug_display_settings           [   0.08365] color: 32 (rgba 8880), depth: 24, stencil: 8, acc: 0000, samples: 2/1
display  D   display_settings.c:517  _al_score_display_settings       [   0.08373] Score is : 726
display  D   display_settings.c:202  debug_display_settings           [   0.08375] color: 32 (rgba 8880), depth: 24, stencil: 8, acc: 0000, samples: 3/1
display  D   display_settings.c:517  _al_score_display_settings       [   0.08377] Score is : 721
display  D   display_settings.c:202  debug_display_settings           [   0.08378] color: 32 (rgba 8880), depth: 24, stencil: 8, acc: 0000, samples: 4/1
display  D   display_settings.c:517  _al_score_display_settings       [   0.08380] Score is : 717
display  D   display_settings.c:202  debug_display_settings           [   0.08382] color: 32 (rgba 8880), depth: 24, stencil: 0, acc: 0000, samples: 0/0
display  D   display_settings.c:517  _al_score_display_settings       [   0.08384] Score is : 897
display  D   display_settings.c:202  debug_display_settings           [   0.08386] color: 32 (rgba 8880), depth: 24, stencil: 0, acc: 0000, samples: 0/0
display  D   display_settings.c:517  _al_score_display_settings       [   0.08389] Score is : 897
display  D   display_settings.c:202  debug_display_settings           [   0.08391] color: 32 (rgba 8880), depth: 24, stencil: 0, acc: 0000, samples: 2/1
display  D   display_settings.c:517  _al_score_display_settings       [   0.08393] Score is : 726
display  D   display_settings.c:202  debug_display_settings           [   0.08394] color: 32 (rgba 8880), depth: 24, stencil: 0, acc: 0000, samples: 3/1
display  D   display_settings.c:517  _al_score_display_settings       [   0.08396] Score is : 721
display  D   display_settings.c:202  debug_display_settings           [   0.08397] color: 32 (rgba 8880), depth: 24, stencil: 0, acc: 0000, samples: 4/1
display  D   display_settings.c:517  _al_score_display_settings       [   0.08399] Score is : 717
display  D   display_settings.c:202  debug_display_settings           [   0.08400] color: 32 (rgba 8880), depth: 16, stencil: 0, acc: 0000, samples: 0/0
display  D   display_settings.c:517  _al_score_display_settings       [   0.08402] Score is : 897
display  D   display_settings.c:202  debug_display_settings           [   0.08403] color: 32 (rgba 8880), depth: 16, stencil: 0, acc: 0000, samples: 0/0
display  D   display_settings.c:517  _al_score_display_settings       [   0.08405] Score is : 897
display  D   display_settings.c:202  debug_display_settings           [   0.08406] color: 32 (rgba 8880), depth: 16, stencil: 0, acc: 0000, samples: 2/1
display  D   display_settings.c:517  _al_score_display_settings       [   0.08408] Score is : 726
display  D   display_settings.c:202  debug_display_settings           [   0.08409] color: 32 (rgba 8880), depth: 16, stencil: 0, acc: 0000, samples: 3/1
display  D   display_settings.c:517  _al_score_display_settings       [   0.08411] Score is : 721
display  D   display_settings.c:202  debug_display_settings           [   0.08412] color: 32 (rgba 8880), depth: 16, stencil: 0, acc: 0000, samples: 4/1
display  D   display_settings.c:517  _al_score_display_settings       [   0.08414] Score is : 717
display  D   display_settings.c:202  debug_display_settings           [   0.08415] color: 16 (rgba 5650), depth: 0, stencil: 0, acc: 0000, samples: 0/0
display  D   display_settings.c:517  _al_score_display_settings       [   0.08417] Score is : 897
display  D   display_settings.c:202  debug_display_settings           [   0.08418] color: 16 (rgba 5650), depth: 0, stencil: 0, acc: 0000, samples: 0/0
display  D   display_settings.c:517  _al_score_display_settings       [   0.08420] Score is : 897
display  D   display_settings.c:202  debug_display_settings           [   0.08422] color: 16 (rgba 5650), depth: 0, stencil: 0, acc: 0000, samples: 2/1
display  D   display_settings.c:517  _al_score_display_settings       [   0.08423] Score is : 726
display  D   display_settings.c:202  debug_display_settings           [   0.08425] color: 16 (rgba 5650), depth: 0, stencil: 0, acc: 0000, samples: 3/1
display  D   display_settings.c:517  _al_score_display_settings       [   0.08427] Score is : 721
display  D   display_settings.c:202  debug_display_settings           [   0.08428] color: 16 (rgba 5650), depth: 0, stencil: 0, acc: 0000, samples: 4/1
display  D   display_settings.c:517  _al_score_display_settings       [   0.08430] Score is : 717
display  D   display_settings.c:202  debug_display_settings           [   0.08432] color: 16 (rgba 5650), depth: 24, stencil: 8, acc: 0000, samples: 0/0
display  D   display_settings.c:517  _al_score_display_settings       [   0.08433] Score is : 897
display  D   display_settings.c:202  debug_display_settings           [   0.08435] color: 16 (rgba 5650), depth: 24, stencil: 8, acc: 0000, samples: 0/0
display  D   display_settings.c:517  _al_score_display_settings       [   0.08437] Score is : 897
display  D   display_settings.c:202  debug_display_settings           [   0.08439] color: 16 (rgba 5650), depth: 24, stencil: 8, acc: 0000, samples: 2/1
display  D   display_settings.c:517  _al_score_display_settings       [   0.08441] Score is : 726
display  D   display_settings.c:202  debug_display_settings           [   0.08443] color: 16 (rgba 5650), depth: 24, stencil: 8, acc: 0000, samples: 3/1
display  D   display_settings.c:517  _al_score_display_settings       [   0.08445] Score is : 721
display  D   display_settings.c:202  debug_display_settings           [   0.08447] color: 16 (rgba 5650), depth: 24, stencil: 8, acc: 0000, samples: 4/1
display  D   display_settings.c:517  _al_score_display_settings       [   0.08449] Score is : 717
display  D   display_settings.c:202  debug_display_settings           [   0.08451] color: 16 (rgba 5650), depth: 24, stencil: 0, acc: 0000, samples: 0/0
display  D   display_settings.c:517  _al_score_display_settings       [   0.08453] Score is : 897
display  D   display_settings.c:202  debug_display_settings           [   0.08455] color: 16 (rgba 5650), depth: 24, stencil: 0, acc: 0000, samples: 0/0
display  D   display_settings.c:517  _al_score_display_settings       [   0.08457] Score is : 897
display  D   display_settings.c:202  debug_display_settings           [   0.08459] color: 16 (rgba 5650), depth: 24, stencil: 0, acc: 0000, samples: 2/1
display  D   display_settings.c:517  _al_score_display_settings       [   0.08461] Score is : 726
display  D   display_settings.c:202  debug_display_settings           [   0.08463] color: 16 (rgba 5650), depth: 24, stencil: 0, acc: 0000, samples: 3/1
display  D   display_settings.c:517  _al_score_display_settings       [   0.08465] Score is : 721
display  D   display_settings.c:202  debug_display_settings           [   0.08467] color: 16 (rgba 5650), depth: 24, stencil: 0, acc: 0000, samples: 4/1
display  D   display_settings.c:517  _al_score_display_settings       [   0.08469] Score is : 717
display  D   display_settings.c:202  debug_display_settings           [   0.08470] color: 16 (rgba 5650), depth: 16, stencil: 0, acc: 0000, samples: 0/0
display  D   display_settings.c:517  _al_score_display_settings       [   0.08473] Score is : 897
display  D   display_settings.c:202  debug_display_settings           [   0.08474] color: 16 (rgba 5650), depth: 16, stencil: 0, acc: 0000, samples: 0/0
display  D   display_settings.c:517  _al_score_display_settings       [   0.08476] Score is : 897
display  D   display_settings.c:202  debug_display_settings           [   0.08478] color: 16 (rgba 5650), depth: 16, stencil: 0, acc: 0000, samples: 2/1
display  D   display_settings.c:517  _al_score_display_settings       [   0.08482] Score is : 726
display  D   display_settings.c:202  debug_display_settings           [   0.08483] color: 16 (rgba 5650), depth: 16, stencil: 0, acc: 0000, samples: 3/1
display  D   display_settings.c:517  _al_score_display_settings       [   0.08486] Score is : 721
display  D   display_settings.c:202  debug_display_settings           [   0.08487] color: 16 (rgba 5650), depth: 16, stencil: 0, acc: 0000, samples: 4/1
display  D   display_settings.c:517  _al_score_display_settings       [   0.08489] Score is : 717
display  D   display_settings.c:202  debug_display_settings           [   0.08492] color: 32 (rgba 8880), depth: 0, stencil: 0, acc: 0000, samples: 0/0
display  D   display_settings.c:388  _al_score_display_settings       [   0.08494] Single Buffer requirement not met.
display  D   display_settings.c:202  debug_display_settings           [   0.08496] color: 32 (rgba 8880), depth: 0, stencil: 0, acc: 0000, samples: 0/0
display  D   display_settings.c:388  _al_score_display_settings       [   0.08498] Single Buffer requirement not met.
display  D   display_settings.c:202  debug_display_settings           [   0.08500] color: 32 (rgba 8880), depth: 0, stencil: 0, acc: 0000, samples: 2/1
display  D   display_settings.c:388  _al_score_display_settings       [   0.08502] Single Buffer requirement not met.
display  D   display_settings.c:202  debug_display_settings           [   0.08504] color: 32 (rgba 8880), depth: 0, stencil: 0, acc: 0000, samples: 3/1
display  D   display_settings.c:388  _al_score_display_settings       [   0.08506] Single Buffer requirement not met.
display  D   display_settings.c:202  debug_display_settings           [   0.08507] color: 32 (rgba 8880), depth: 0, stencil: 0, acc: 0000, samples: 4/1
display  D   display_settings.c:388  _al_score_display_settings       [   0.08510] Single Buffer requirement not met.
display  D   display_settings.c:202  debug_display_settings           [   0.08511] color: 32 (rgba 8880), depth: 24, stencil: 8, acc: 0000, samples: 0/0
display  D   display_settings.c:388  _al_score_display_settings       [   0.08514] Single Buffer requirement not met.
display  D   display_settings.c:202  debug_display_settings           [   0.08515] color: 32 (rgba 8880), depth: 24, stencil: 8, acc: 0000, samples: 0/0
display  D   display_settings.c:388  _al_score_display_settings       [   0.08518] Single Buffer requirement not met.
display  D   display_settings.c:202  debug_display_settings           [   0.08519] color: 32 (rgba 8880), depth: 24, stencil: 8, acc: 0000, samples: 2/1
display  D   display_settings.c:388  _al_score_display_settings       [   0.08521] Single Buffer requirement not met.
display  D   display_settings.c:202  debug_display_settings           [   0.08523] color: 32 (rgba 8880), depth: 24, stencil: 8, acc: 0000, samples: 3/1
display  D   display_settings.c:388  _al_score_display_settings       [   0.08525] Single Buffer requirement not met.
display  D   display_settings.c:202  debug_display_settings           [   0.08527] color: 32 (rgba 8880), depth: 24, stencil: 8, acc: 0000, samples: 4/1
display  D   display_settings.c:388  _al_score_display_settings       [   0.08529] Single Buffer requirement not met.
display  D   display_settings.c:202  debug_display_settings           [   0.08531] color: 32 (rgba 8880), depth: 24, stencil: 0, acc: 0000, samples: 0/0
display  D   display_settings.c:388  _al_score_display_settings       [   0.08533] Single Buffer requirement not met.
display  D   display_settings.c:202  debug_display_settings           [   0.08534] color: 32 (rgba 8880), depth: 24, stencil: 0, acc: 0000, samples: 0/0
display  D   display_settings.c:388  _al_score_display_settings       [   0.08536] Single Buffer requirement not met.
display  D   display_settings.c:202  debug_display_settings           [   0.08538] color: 32 (rgba 8880), depth: 24, stencil: 0, acc: 0000, samples: 2/1
display  D   display_settings.c:388  _al_score_display_settings       [   0.08541] Single Buffer requirement not met.
display  D   display_settings.c:202  debug_display_settings           [   0.08543] color: 32 (rgba 8880), depth: 24, stencil: 0, acc: 0000, samples: 3/1
display  D   display_settings.c:388  _al_score_display_settings       [   0.08546] Single Buffer requirement not met.
display  D   display_settings.c:202  debug_display_settings           [   0.08547] color: 32 (rgba 8880), depth: 24, stencil: 0, acc: 0000, samples: 4/1
display  D   display_settings.c:388  _al_score_display_settings       [   0.08550] Single Buffer requirement not met.
display  D   display_settings.c:202  debug_display_settings           [   0.08557] color: 32 (rgba 8880), depth: 16, stencil: 0, acc: 0000, samples: 0/0
display  D   display_settings.c:388  _al_score_display_settings       [   0.08560] Single Buffer requirement not met.
display  D   display_settings.c:202  debug_display_settings           [   0.08561] color: 32 (rgba 8880), depth: 16, stencil: 0, acc: 0000, samples: 0/0
display  D   display_settings.c:388  _al_score_display_settings       [   0.08564] Single Buffer requirement not met.
display  D   display_settings.c:202  debug_display_settings           [   0.08565] color: 32 (rgba 8880), depth: 16, stencil: 0, acc: 0000, samples: 2/1
display  D   display_settings.c:388  _al_score_display_settings       [   0.08567] Single Buffer requirement not met.
display  D   display_settings.c:202  debug_display_settings           [   0.08569] color: 32 (rgba 8880), depth: 16, stencil: 0, acc: 0000, samples: 3/1
display  D   display_settings.c:388  _al_score_display_settings       [   0.08571] Single Buffer requirement not met.
display  D   display_settings.c:202  debug_display_settings           [   0.08573] color: 32 (rgba 8880), depth: 16, stencil: 0, acc: 0000, samples: 4/1
display  D   display_settings.c:388  _al_score_display_settings       [   0.08575] Single Buffer requirement not met.
display  D   display_settings.c:202  debug_display_settings           [   0.08577] color: 16 (rgba 5650), depth: 0, stencil: 0, acc: 0000, samples: 0/0
display  D   display_settings.c:388  _al_score_display_settings       [   0.08579] Single Buffer requirement not met.
display  D   display_settings.c:202  debug_display_settings           [   0.08581] color: 16 (rgba 5650), depth: 0, stencil: 0, acc: 0000, samples: 0/0
display  D   display_settings.c:388  _al_score_display_settings       [   0.08583] Single Buffer requirement not met.
display  D   display_settings.c:202  debug_display_settings           [   0.08585] color: 16 (rgba 5650), depth: 0, stencil: 0, acc: 0000, samples: 2/1
display  D   display_settings.c:388  _al_score_display_settings       [   0.08587] Single Buffer requirement not met.
display  D   display_settings.c:202  debug_display_settings           [   0.08588] color: 16 (rgba 5650), depth: 0, stencil: 0, acc: 0000, samples: 3/1
display  D   display_settings.c:388  _al_score_display_settings       [   0.08591] Single Buffer requirement not met.
display  D   display_settings.c:202  debug_display_settings           [   0.08593] color: 16 (rgba 5650), depth: 0, stencil: 0, acc: 0000, samples: 4/1
display  D   display_settings.c:388  _al_score_display_settings       [   0.08595] Single Buffer requirement not met.
display  D   display_settings.c:202  debug_display_settings           [   0.08597] color: 16 (rgba 5650), depth: 24, stencil: 8, acc: 0000, samples: 0/0
display  D   display_settings.c:388  _al_score_display_settings       [   0.08599] Single Buffer requirement not met.
display  D   display_settings.c:202  debug_display_settings           [   0.08600] color: 16 (rgba 5650), depth: 24, stencil: 8, acc: 0000, samples: 0/0
display  D   display_settings.c:388  _al_score_display_settings       [   0.08602] Single Buffer requirement not met.
display  D   display_settings.c:202  debug_display_settings           [   0.08604] color: 16 (rgba 5650), depth: 24, stencil: 8, acc: 0000, samples: 2/1
display  D   display_settings.c:388  _al_score_display_settings       [   0.08606] Single Buffer requirement not met.
display  D   display_settings.c:202  debug_display_settings           [   0.08608] color: 16 (rgba 5650), depth: 24, stencil: 8, acc: 0000, samples: 3/1
display  D   display_settings.c:388  _al_score_display_settings       [   0.08610] Single Buffer requirement not met.
display  D   display_settings.c:202  debug_display_settings           [   0.08612] color: 16 (rgba 5650), depth: 24, stencil: 8, acc: 0000, samples: 4/1
display  D   display_settings.c:388  _al_score_display_settings       [   0.08614] Single Buffer requirement not met.
display  D   display_settings.c:202  debug_display_settings           [   0.08619] color: 16 (rgba 5650), depth: 24, stencil: 0, acc: 0000, samples: 0/0
display  D   display_settings.c:388  _al_score_display_settings       [   0.08621] Single Buffer requirement not met.
display  D   display_settings.c:202  debug_display_settings           [   0.08623] color: 16 (rgba 5650), depth: 24, stencil: 0, acc: 0000, samples: 0/0
display  D   display_settings.c:388  _al_score_display_settings       [   0.08625] Single Buffer requirement not met.
display  D   display_settings.c:202  debug_display_settings           [   0.08627] color: 16 (rgba 5650), depth: 24, stencil: 0, acc: 0000, samples: 2/1
display  D   display_settings.c:388  _al_score_display_settings       [   0.08629] Single Buffer requirement not met.
display  D   display_settings.c:202  debug_display_settings           [   0.08631] color: 16 (rgba 5650), depth: 24, stencil: 0, acc: 0000, samples: 3/1
display  D   display_settings.c:388  _al_score_display_settings       [   0.08633] Single Buffer requirement not met.
display  D   display_settings.c:202  debug_display_settings           [   0.08634] color: 16 (rgba 5650), depth: 24, stencil: 0, acc: 0000, samples: 4/1
display  D   display_settings.c:388  _al_score_display_settings       [   0.08637] Single Buffer requirement not met.
display  D   display_settings.c:202  debug_display_settings           [   0.08638] color: 16 (rgba 5650), depth: 16, stencil: 0, acc: 0000, samples: 0/0
display  D   display_settings.c:388  _al_score_display_settings       [   0.08641] Single Buffer requirement not met.
display  D   display_settings.c:202  debug_display_settings           [   0.08643] color: 16 (rgba 5650), depth: 16, stencil: 0, acc: 0000, samples: 0/0
display  D   display_settings.c:388  _al_score_display_settings       [   0.08645] Single Buffer requirement not met.
display  D   display_settings.c:202  debug_display_settings           [   0.08650] color: 16 (rgba 5650), depth: 16, stencil: 0, acc: 0000, samples: 2/1
display  D   display_settings.c:388  _al_score_display_settings       [   0.08656] Single Buffer requirement not met.
display  D   display_settings.c:202  debug_display_settings           [   0.08658] color: 16 (rgba 5650), depth: 16, stencil: 0, acc: 0000, samples: 3/1
display  D   display_settings.c:388  _al_score_display_settings       [   0.08660] Single Buffer requirement not met.
display  D   display_settings.c:202  debug_display_settings           [   0.08661] color: 16 (rgba 5650), depth: 16, stencil: 0, acc: 0000, samples: 4/1
display  D   display_settings.c:388  _al_score_display_settings       [   0.08663] Single Buffer requirement not met.
display  D   display_settings.c:202  debug_display_settings           [   0.08665] color: 32 (rgba 8880), depth: 0, stencil: 0, acc: 0000, samples: 0/0
display  D   display_settings.c:517  _al_score_display_settings       [   0.08667] Score is : 769
display  D   display_settings.c:202  debug_display_settings           [   0.08668] color: 32 (rgba 8880), depth: 0, stencil: 0, acc: 0000, samples: 0/0
display  D   display_settings.c:517  _al_score_display_settings       [   0.08670] Score is : 769
display  D   display_settings.c:202  debug_display_settings           [   0.08672] color: 32 (rgba 8880), depth: 0, stencil: 0, acc: 0000, samples: 2/1
display  D   display_settings.c:517  _al_score_display_settings       [   0.08674] Score is : 598
display  D   display_settings.c:202  debug_display_settings           [   0.08675] color: 32 (rgba 8880), depth: 0, stencil: 0, acc: 0000, samples: 3/1
display  D   display_settings.c:517  _al_score_display_settings       [   0.08678] Score is : 593
display  D   display_settings.c:202  debug_display_settings           [   0.08679] color: 32 (rgba 8880), depth: 0, stencil: 0, acc: 0000, samples: 4/1
display  D   display_settings.c:517  _al_score_display_settings       [   0.08682] Score is : 589
display  D   display_settings.c:202  debug_display_settings           [   0.08683] color: 32 (rgba 8880), depth: 24, stencil: 8, acc: 0000, samples: 0/0
display  D   display_settings.c:517  _al_score_display_settings       [   0.08689] Score is : 769
display  D   display_settings.c:202  debug_display_settings           [   0.08691] color: 32 (rgba 8880), depth: 24, stencil: 8, acc: 0000, samples: 0/0
display  D   display_settings.c:517  _al_score_display_settings       [   0.08694] Score is : 769
display  D   display_settings.c:202  debug_display_settings           [   0.08695] color: 32 (rgba 8880), depth: 24, stencil: 8, acc: 0000, samples: 2/1
display  D   display_settings.c:517  _al_score_display_settings       [   0.08697] Score is : 598
display  D   display_settings.c:202  debug_display_settings           [   0.08699] color: 32 (rgba 8880), depth: 24, stencil: 8, acc: 0000, samples: 3/1
display  D   display_settings.c:517  _al_score_display_settings       [   0.08701] Score is : 593
display  D   display_settings.c:202  debug_display_settings           [   0.08702] color: 32 (rgba 8880), depth: 24, stencil: 8, acc: 0000, samples: 4/1
display  D   display_settings.c:517  _al_score_display_settings       [   0.08705] Score is : 589
display  D   display_settings.c:202  debug_display_settings           [   0.08706] color: 32 (rgba 8880), depth: 24, stencil: 0, acc: 0000, samples: 0/0
display  D   display_settings.c:517  _al_score_display_settings       [   0.08709] Score is : 769
display  D   display_settings.c:202  debug_display_settings           [   0.08710] color: 32 (rgba 8880), depth: 24, stencil: 0, acc: 0000, samples: 0/0
display  D   display_settings.c:517  _al_score_display_settings       [   0.08713] Score is : 769
display  D   display_settings.c:202  debug_display_settings           [   0.08714] color: 32 (rgba 8880), depth: 24, stencil: 0, acc: 0000, samples: 2/1
display  D   display_settings.c:517  _al_score_display_settings       [   0.08716] Score is : 598
display  D   display_settings.c:202  debug_display_settings           [   0.08718] color: 32 (rgba 8880), depth: 24, stencil: 0, acc: 0000, samples: 3/1
display  D   display_settings.c:517  _al_score_display_settings       [   0.08720] Score is : 593
display  D   display_settings.c:202  debug_display_settings           [   0.08722] color: 32 (rgba 8880), depth: 24, stencil: 0, acc: 0000, samples: 4/1
display  D   display_settings.c:517  _al_score_display_settings       [   0.08724] Score is : 589
display  D   display_settings.c:202  debug_display_settings           [   0.08725] color: 32 (rgba 8880), depth: 16, stencil: 0, acc: 0000, samples: 0/0
display  D   display_settings.c:517  _al_score_display_settings       [   0.08728] Score is : 769
display  D   display_settings.c:202  debug_display_settings           [   0.08729] color: 32 (rgba 8880), depth: 16, stencil: 0, acc: 0000, samples: 0/0
display  D   display_settings.c:517  _al_score_display_settings       [   0.08731] Score is : 769
display  D   display_settings.c:202  debug_display_settings           [   0.08733] color: 32 (rgba 8880), depth: 16, stencil: 0, acc: 0000, samples: 2/1
display  D   display_settings.c:517  _al_score_display_settings       [   0.08735] Score is : 598
display  D   display_settings.c:202  debug_display_settings           [   0.08737] color: 32 (rgba 8880), depth: 16, stencil: 0, acc: 0000, samples: 3/1
display  D   display_settings.c:517  _al_score_display_settings       [   0.08739] Score is : 593
display  D   display_settings.c:202  debug_display_settings           [   0.08741] color: 32 (rgba 8880), depth: 16, stencil: 0, acc: 0000, samples: 4/1
display  D   display_settings.c:517  _al_score_display_settings       [   0.08744] Score is : 589
display  D   display_settings.c:202  debug_display_settings           [   0.08746] color: 16 (rgba 5650), depth: 0, stencil: 0, acc: 0000, samples: 0/0
display  D   display_settings.c:517  _al_score_display_settings       [   0.08748] Score is : 769
display  D   display_settings.c:202  debug_display_settings           [   0.08750] color: 16 (rgba 5650), depth: 0, stencil: 0, acc: 0000, samples: 0/0
display  D   display_settings.c:517  _al_score_display_settings       [   0.08756] Score is : 769
display  D   display_settings.c:202  debug_display_settings           [   0.08758] color: 16 (rgba 5650), depth: 0, stencil: 0, acc: 0000, samples: 2/1
display  D   display_settings.c:517  _al_score_display_settings       [   0.08760] Score is : 598
display  D   display_settings.c:202  debug_display_settings           [   0.08762] color: 16 (rgba 5650), depth: 0, stencil: 0, acc: 0000, samples: 3/1
display  D   display_settings.c:517  _al_score_display_settings       [   0.08764] Score is : 593
display  D   display_settings.c:202  debug_display_settings           [   0.08765] color: 16 (rgba 5650), depth: 0, stencil: 0, acc: 0000, samples: 4/1
display  D   display_settings.c:517  _al_score_display_settings       [   0.08767] Score is : 589
display  D   display_settings.c:202  debug_display_settings           [   0.08768] color: 16 (rgba 5650), depth: 24, stencil: 8, acc: 0000, samples: 0/0
display  D   display_settings.c:517  _al_score_display_settings       [   0.08770] Score is : 769
display  D   display_settings.c:202  debug_display_settings           [   0.08771] color: 16 (rgba 5650), depth: 24, stencil: 8, acc: 0000, samples: 0/0
display  D   display_settings.c:517  _al_score_display_settings       [   0.08773] Score is : 769
display  D   display_settings.c:202  debug_display_settings           [   0.08774] color: 16 (rgba 5650), depth: 24, stencil: 8, acc: 0000, samples: 2/1
display  D   display_settings.c:517  _al_score_display_settings       [   0.08776] Score is : 598
display  D   display_settings.c:202  debug_display_settings           [   0.08777] color: 16 (rgba 5650), depth: 24, stencil: 8, acc: 0000, samples: 3/1
display  D   display_settings.c:517  _al_score_display_settings       [   0.08779] Score is : 593
display  D   display_settings.c:202  debug_display_settings           [   0.08780] color: 16 (rgba 5650), depth: 24, stencil: 8, acc: 0000, samples: 4/1
display  D   display_settings.c:517  _al_score_display_settings       [   0.08782] Score is : 589
display  D   display_settings.c:202  debug_display_settings           [   0.08783] color: 16 (rgba 5650), depth: 24, stencil: 0, acc: 0000, samples: 0/0
display  D   display_settings.c:517  _al_score_display_settings       [   0.08785] Score is : 769
display  D   display_settings.c:202  debug_display_settings           [   0.08786] color: 16 (rgba 5650), depth: 24, stencil: 0, acc: 0000, samples: 0/0
display  D   display_settings.c:517  _al_score_display_settings       [   0.08788] Score is : 769
display  D   display_settings.c:202  debug_display_settings           [   0.08789] color: 16 (rgba 5650), depth: 24, stencil: 0, acc: 0000, samples: 2/1
display  D   display_settings.c:517  _al_score_display_settings       [   0.08791] Score is : 598
display  D   display_settings.c:202  debug_display_settings           [   0.08792] color: 16 (rgba 5650), depth: 24, stencil: 0, acc: 0000, samples: 3/1
display  D   display_settings.c:517  _al_score_display_settings       [   0.08794] Score is : 593
display  D   display_settings.c:202  debug_display_settings           [   0.08795] color: 16 (rgba 5650), depth: 24, stencil: 0, acc: 0000, samples: 4/1
display  D   display_settings.c:517  _al_score_display_settings       [   0.08797] Score is : 589
display  D   display_settings.c:202  debug_display_settings           [   0.08798] color: 16 (rgba 5650), depth: 16, stencil: 0, acc: 0000, samples: 0/0
display  D   display_settings.c:517  _al_score_display_settings       [   0.08800] Score is : 769
display  D   display_settings.c:202  debug_display_settings           [   0.08801] color: 16 (rgba 5650), depth: 16, stencil: 0, acc: 0000, samples: 0/0
display  D   display_settings.c:517  _al_score_display_settings       [   0.08803] Score is : 769
display  D   display_settings.c:202  debug_display_settings           [   0.08805] color: 16 (rgba 5650), depth: 16, stencil: 0, acc: 0000, samples: 2/1
display  D   display_settings.c:517  _al_score_display_settings       [   0.08808] Score is : 598
display  D   display_settings.c:202  debug_display_settings           [   0.08809] color: 16 (rgba 5650), depth: 16, stencil: 0, acc: 0000, samples: 3/1
display  D   display_settings.c:517  _al_score_display_settings       [   0.08812] Score is : 593
display  D   display_settings.c:202  debug_display_settings           [   0.08813] color: 16 (rgba 5650), depth: 16, stencil: 0, acc: 0000, samples: 4/1
display  D   display_settings.c:517  _al_score_display_settings       [   0.08816] Score is : 589
display  D   display_settings.c:202  debug_display_settings           [   0.08817] color: 32 (rgba 8880), depth: 0, stencil: 0, acc: 0000, samples: 0/0
display  D   display_settings.c:388  _al_score_display_settings       [   0.08819] Single Buffer requirement not met.
display  D   display_settings.c:202  debug_display_settings           [   0.08821] color: 32 (rgba 8880), depth: 0, stencil: 0, acc: 0000, samples: 0/0
display  D   display_settings.c:388  _al_score_display_settings       [   0.08824] Single Buffer requirement not met.
display  D   display_settings.c:202  debug_display_settings           [   0.08825] color: 32 (rgba 8880), depth: 0, stencil: 0, acc: 0000, samples: 2/1
display  D   display_settings.c:388  _al_score_display_settings       [   0.08828] Single Buffer requirement not met.
display  D   display_settings.c:202  debug_display_settings           [   0.08829] color: 32 (rgba 8880), depth: 0, stencil: 0, acc: 0000, samples: 3/1
display  D   display_settings.c:388  _al_score_display_settings       [   0.08832] Single Buffer requirement not met.
display  D   display_settings.c:202  debug_display_settings           [   0.08833] color: 32 (rgba 8880), depth: 0, stencil: 0, acc: 0000, samples: 4/1
display  D   display_settings.c:388  _al_score_display_settings       [   0.08835] Single Buffer requirement not met.
display  D   display_settings.c:202  debug_display_settings           [   0.08837] color: 32 (rgba 8880), depth: 24, stencil: 8, acc: 0000, samples: 0/0
display  D   display_settings.c:388  _al_score_display_settings       [   0.08839] Single Buffer requirement not met.
display  D   display_settings.c:202  debug_display_settings           [   0.08842] color: 32 (rgba 8880), depth: 24, stencil: 8, acc: 0000, samples: 0/0
display  D   display_settings.c:388  _al_score_display_settings       [   0.08844] Single Buffer requirement not met.
display  D   display_settings.c:202  debug_display_settings           [   0.08846] color: 32 (rgba 8880), depth: 24, stencil: 8, acc: 0000, samples: 2/1
display  D   display_settings.c:388  _al_score_display_settings       [   0.08848] Single Buffer requirement not met.
display  D   display_settings.c:202  debug_display_settings           [   0.08850] color: 32 (rgba 8880), depth: 24, stencil: 8, acc: 0000, samples: 3/1
display  D   display_settings.c:388  _al_score_display_settings       [   0.08852] Single Buffer requirement not met.
display  D   display_settings.c:202  debug_display_settings           [   0.08853] color: 32 (rgba 8880), depth: 24, stencil: 8, acc: 0000, samples: 4/1
display  D   display_settings.c:388  _al_score_display_settings       [   0.08855] Single Buffer requirement not met.
display  D   display_settings.c:202  debug_display_settings           [   0.08856] color: 32 (rgba 8880), depth: 24, stencil: 0, acc: 0000, samples: 0/0
display  D   display_settings.c:388  _al_score_display_settings       [   0.08858] Single Buffer requirement not met.
display  D   display_settings.c:202  debug_display_settings           [   0.08859] color: 32 (rgba 8880), depth: 24, stencil: 0, acc: 0000, samples: 0/0
display  D   display_settings.c:388  _al_score_display_settings       [   0.08861] Single Buffer requirement not met.
display  D   display_settings.c:202  debug_display_settings           [   0.08863] color: 32 (rgba 8880), depth: 24, stencil: 0, acc: 0000, samples: 2/1
display  D   display_settings.c:388  _al_score_display_settings       [   0.08864] Single Buffer requirement not met.
display  D   display_settings.c:202  debug_display_settings           [   0.08866] color: 32 (rgba 8880), depth: 24, stencil: 0, acc: 0000, samples: 3/1
display  D   display_settings.c:388  _al_score_display_settings       [   0.08868] Single Buffer requirement not met.
display  D   display_settings.c:202  debug_display_settings           [   0.08870] color: 32 (rgba 8880), depth: 24, stencil: 0, acc: 0000, samples: 4/1
display  D   display_settings.c:388  _al_score_display_settings       [   0.08872] Single Buffer requirement not met.
display  D   display_settings.c:202  debug_display_settings           [   0.08873] color: 32 (rgba 8880), depth: 16, stencil: 0, acc: 0000, samples: 0/0
display  D   display_settings.c:388  _al_score_display_settings       [   0.08876] Single Buffer requirement not met.
display  D   display_settings.c:202  debug_display_settings           [   0.08877] color: 32 (rgba 8880), depth: 16, stencil: 0, acc: 0000, samples: 0/0
display  D   display_settings.c:388  _al_score_display_settings       [   0.08880] Single Buffer requirement not met.
display  D   display_settings.c:202  debug_display_settings           [   0.08881] color: 32 (rgba 8880), depth: 16, stencil: 0, acc: 0000, samples: 2/1
display  D   display_settings.c:388  _al_score_display_settings       [   0.08884] Single Buffer requirement not met.
display  D   display_settings.c:202  debug_display_settings           [   0.08885] color: 32 (rgba 8880), depth: 16, stencil: 0, acc: 0000, samples: 3/1
display  D   display_settings.c:388  _al_score_display_settings       [   0.08887] Single Buffer requirement not met.
display  D   display_settings.c:202  debug_display_settings           [   0.08888] color: 32 (rgba 8880), depth: 16, stencil: 0, acc: 0000, samples: 4/1
display  D   display_settings.c:388  _al_score_display_settings       [   0.08890] Single Buffer requirement not met.
display  D   display_settings.c:202  debug_display_settings           [   0.08892] color: 16 (rgba 5650), depth: 0, stencil: 0, acc: 0000, samples: 0/0
display  D   display_settings.c:388  _al_score_display_settings       [   0.08894] Single Buffer requirement not met.
display  D   display_settings.c:202  debug_display_settings           [   0.08895] color: 16 (rgba 5650), depth: 0, stencil: 0, acc: 0000, samples: 0/0
display  D   display_settings.c:388  _al_score_display_settings       [   0.08897] Single Buffer requirement not met.
display  D   display_settings.c:202  debug_display_settings           [   0.08899] color: 16 (rgba 5650), depth: 0, stencil: 0, acc: 0000, samples: 2/1
display  D   display_settings.c:388  _al_score_display_settings       [   0.08901] Single Buffer requirement not met.
display  D   display_settings.c:202  debug_display_settings           [   0.08902] color: 16 (rgba 5650), depth: 0, stencil: 0, acc: 0000, samples: 3/1
display  D   display_settings.c:388  _al_score_display_settings       [   0.08905] Single Buffer requirement not met.
display  D   display_settings.c:202  debug_display_settings           [   0.08906] color: 16 (rgba 5650), depth: 0, stencil: 0, acc: 0000, samples: 4/1
display  D   display_settings.c:388  _al_score_display_settings       [   0.08908] Single Buffer requirement not met.
display  D   display_settings.c:202  debug_display_settings           [   0.08910] color: 16 (rgba 5650), depth: 24, stencil: 8, acc: 0000, samples: 0/0
display  D   display_settings.c:388  _al_score_display_settings       [   0.08912] Single Buffer requirement not met.
display  D   display_settings.c:202  debug_display_settings           [   0.08914] color: 16 (rgba 5650), depth: 24, stencil: 8, acc: 0000, samples: 0/0
display  D   display_settings.c:388  _al_score_display_settings       [   0.08916] Single Buffer requirement not met.
display  D   display_settings.c:202  debug_display_settings           [   0.08917] color: 16 (rgba 5650), depth: 24, stencil: 8, acc: 0000, samples: 2/1
display  D   display_settings.c:388  _al_score_display_settings       [   0.08920] Single Buffer requirement not met.
display  D   display_settings.c:202  debug_display_settings           [   0.08922] color: 16 (rgba 5650), depth: 24, stencil: 8, acc: 0000, samples: 3/1
display  D   display_settings.c:388  _al_score_display_settings       [   0.08924] Single Buffer requirement not met.
display  D   display_settings.c:202  debug_display_settings           [   0.08926] color: 16 (rgba 5650), depth: 24, stencil: 8, acc: 0000, samples: 4/1
display  D   display_settings.c:388  _al_score_display_settings       [   0.08928] Single Buffer requirement not met.
display  D   display_settings.c:202  debug_display_settings           [   0.08930] color: 16 (rgba 5650), depth: 24, stencil: 0, acc: 0000, samples: 0/0
display  D   display_settings.c:388  _al_score_display_settings       [   0.08932] Single Buffer requirement not met.
display  D   display_settings.c:202  debug_display_settings           [   0.08934] color: 16 (rgba 5650), depth: 24, stencil: 0, acc: 0000, samples: 0/0
display  D   display_settings.c:388  _al_score_display_settings       [   0.08936] Single Buffer requirement not met.
display  D   display_settings.c:202  debug_display_settings           [   0.08938] color: 16 (rgba 5650), depth: 24, stencil: 0, acc: 0000, samples: 2/1
display  D   display_settings.c:388  _al_score_display_settings       [   0.08940] Single Buffer requirement not met.
display  D   display_settings.c:202  debug_display_settings           [   0.08945] color: 16 (rgba 5650), depth: 24, stencil: 0, acc: 0000, samples: 3/1
display  D   display_settings.c:388  _al_score_display_settings       [   0.08947] Single Buffer requirement not met.
display  D   display_settings.c:202  debug_display_settings           [   0.08949] color: 16 (rgba 5650), depth: 24, stencil: 0, acc: 0000, samples: 4/1
display  D   display_settings.c:388  _al_score_display_settings       [   0.08951] Single Buffer requirement not met.
display  D   display_settings.c:202  debug_display_settings           [   0.08952] color: 16 (rgba 5650), depth: 16, stencil: 0, acc: 0000, samples: 0/0
display  D   display_settings.c:388  _al_score_display_settings       [   0.08955] Single Buffer requirement not met.
display  D   display_settings.c:202  debug_display_settings           [   0.08956] color: 16 (rgba 5650), depth: 16, stencil: 0, acc: 0000, samples: 0/0
display  D   display_settings.c:388  _al_score_display_settings       [   0.08958] Single Buffer requirement not met.
display  D   display_settings.c:202  debug_display_settings           [   0.08960] color: 16 (rgba 5650), depth: 16, stencil: 0, acc: 0000, samples: 2/1
display  D   display_settings.c:388  _al_score_display_settings       [   0.08962] Single Buffer requirement not met.
display  D   display_settings.c:202  debug_display_settings           [   0.08964] color: 16 (rgba 5650), depth: 16, stencil: 0, acc: 0000, samples: 3/1
display  D   display_settings.c:388  _al_score_display_settings       [   0.08966] Single Buffer requirement not met.
display  D   display_settings.c:202  debug_display_settings           [   0.08968] color: 16 (rgba 5650), depth: 16, stencil: 0, acc: 0000, samples: 4/1
display  D   display_settings.c:388  _al_score_display_settings       [   0.08970] Single Buffer requirement not met.
d3d      D         d3d_disp.cpp:1670 d3d_create_display_internals     [   0.08976] Trying format 0.
d3d      I         d3d_disp.cpp:1346 d3d_display_thread_proc          [   0.09221] Chose a display format: 23
d3d      I         d3d_disp.cpp:1415 d3d_display_thread_proc          [   0.09225] Normal window.
d3d      I         d3d_disp.cpp:779  d3d_create_device                [   0.11024] Using no depth stencil buffer
d3d      D         d3d_disp.cpp:837  d3d_create_device                [   0.15197] BeginScene succeeded in create_device
d3d      D         d3d_disp.cpp:845  d3d_create_device                [   0.15200] Success
d3d      D         d3d_disp.cpp:1693 d3d_create_display_internals     [   0.15203] Resumed after wait.
d3d      I         d3d_disp.cpp:1726 d3d_create_display_internals     [   0.15207] Format 0 succeeded.
d3d      D         d3d_disp.cpp:1757 d3d_create_display_internals     [   0.15212] Returning d3d_display: 058F9330
d3d      D         d3d_disp.cpp:1782 d3d_create_display_locked        [   0.15213] al_display=058F9330
d3d      D         d3d_disp.cpp:1783 d3d_create_display_locked        [   0.15214] al_display->vt=03000418
system   D            wsystem.c:674  maybe_parent_dir                 [   0.15237] Also searching C:\Users\Administrador\Desktop\TrabajoPractico-PG-2-pt1\TrabajoPractico PG 2 pt1\bin\
system   D            wsystem.c:724  _al_win_safe_load_library        [   0.15254] PathFindOnPath found: C:\WINDOWS\system32\d3dx9_43.dll
system   D            wsystem.c:635  load_library_at_path             [   0.15256] Calling LoadLibrary C:\WINDOWS\system32\d3dx9_43.dll
system   I            wsystem.c:638  load_library_at_path             [   0.15644] Loaded C:\WINDOWS\system32\d3dx9_43.dll
d3dx9    I        d3d_d3dx9.cpp:88   _imp_load_d3dx9_module_version   [   0.15650] Module "d3dx9_43.dll" loaded.
dtor     D               dtor.c:184  _al_register_destructor          [   0.15776] added dtor for object 02FE1D20, func 0F7E233D
dtor     D               dtor.c:184  _al_register_destructor          [   0.15781] added dtor for object 03052B70, func 0F7E172B
d3d      D         d3d_disp.cpp:1186 real_choose_bitmap_format        [   0.15814] Fake format
d3d      D         d3d_disp.cpp:1186 real_choose_bitmap_format        [   0.15816] Fake format
d3d      D         d3d_disp.cpp:1186 real_choose_bitmap_format        [   0.15817] Fake format
d3d      D         d3d_disp.cpp:1186 real_choose_bitmap_format        [   0.15819] Fake format
d3d      D         d3d_disp.cpp:1186 real_choose_bitmap_format        [   0.15820] Fake format
d3d      D         d3d_disp.cpp:1186 real_choose_bitmap_format        [   0.15822] Fake format
d3d      D         d3d_disp.cpp:1186 real_choose_bitmap_format        [   0.15823] Fake format
d3d      D         d3d_disp.cpp:1186 real_choose_bitmap_format        [   0.15825] Fake format
d3d      D         d3d_disp.cpp:1186 real_choose_bitmap_format        [   0.15826] Fake format
d3d      D         d3d_disp.cpp:1194 real_choose_bitmap_format        [   0.15827] Alpha doesn't match
d3d      D         d3d_disp.cpp:1201 real_choose_bitmap_format        [   0.15829] Adapter format is 23
d3d      D         d3d_disp.cpp:1204 real_choose_bitmap_format        [   0.15831] Found a format
d3d      I         d3d_disp.cpp:2381 d3d_create_bitmap                [   0.15833] Chose bitmap format 9
dtor     D               dtor.c:184  _al_register_destructor          [   0.15874] added dtor for object 0C685DB8, func 0F7E21E9
d3d      D          d3d_bmp.cpp:539  _al_d3d_sync_bitmap              [   0.15888] _al_d3d_sync_bitmap (system) ref count == 1
d3d      D          d3d_bmp.cpp:545  _al_d3d_sync_bitmap              [   0.15890] _al_d3d_sync_bitmap (video) ref count == 1
d3d      D         d3d_disp.cpp:1186 real_choose_bitmap_format        [   0.16056] Fake format
d3d      D         d3d_disp.cpp:1186 real_choose_bitmap_format        [   0.16060] Fake format
d3d      D         d3d_disp.cpp:1186 real_choose_bitmap_format        [   0.16061] Fake format
d3d      D         d3d_disp.cpp:1186 real_choose_bitmap_format        [   0.16063] Fake format
d3d      D         d3d_disp.cpp:1186 real_choose_bitmap_format        [   0.16064] Fake format
d3d      D         d3d_disp.cpp:1186 real_choose_bitmap_format        [   0.16066] Fake format
d3d      D         d3d_disp.cpp:1186 real_choose_bitmap_format        [   0.16067] Fake format
d3d      D         d3d_disp.cpp:1186 real_choose_bitmap_format        [   0.16069] Fake format
d3d      D         d3d_disp.cpp:1186 real_choose_bitmap_format        [   0.16070] Fake format
d3d      D         d3d_disp.cpp:1194 real_choose_bitmap_format        [   0.16071] Alpha doesn't match
d3d      D         d3d_disp.cpp:1201 real_choose_bitmap_format        [   0.16072] Adapter format is 23
d3d      D         d3d_disp.cpp:1204 real_choose_bitmap_format        [   0.16073] Found a format
d3d      I         d3d_disp.cpp:2381 d3d_create_bitmap                [   0.16074] Chose bitmap format 9
dtor     D               dtor.c:184  _al_register_destructor          [   0.16101] added dtor for object 0C6A90A8, func 0F7E21E9
d3d      D          d3d_bmp.cpp:539  _al_d3d_sync_bitmap              [   0.16108] _al_d3d_sync_bitmap (system) ref count == 1
d3d      D          d3d_bmp.cpp:545  _al_d3d_sync_bitmap              [   0.16111] _al_d3d_sync_bitmap (video) ref count == 1
d3d      D         d3d_disp.cpp:1186 real_choose_bitmap_format        [   0.16224] Fake format
d3d      D         d3d_disp.cpp:1186 real_choose_bitmap_format        [   0.16227] Fake format
d3d      D         d3d_disp.cpp:1186 real_choose_bitmap_format        [   0.16228] Fake format
d3d      D         d3d_disp.cpp:1186 real_choose_bitmap_format        [   0.16230] Fake format
d3d      D         d3d_disp.cpp:1186 real_choose_bitmap_format        [   0.16231] Fake format
d3d      D         d3d_disp.cpp:1186 real_choose_bitmap_format        [   0.16232] Fake format
d3d      D         d3d_disp.cpp:1186 real_choose_bitmap_format        [   0.16234] Fake format
d3d      D         d3d_disp.cpp:1186 real_choose_bitmap_format        [   0.16235] Fake format
d3d      D         d3d_disp.cpp:1186 real_choose_bitmap_format        [   0.16236] Fake format
d3d      D         d3d_disp.cpp:1194 real_choose_bitmap_format        [   0.16238] Alpha doesn't match
d3d      D         d3d_disp.cpp:1201 real_choose_bitmap_format        [   0.16239] Adapter format is 23
d3d      D         d3d_disp.cpp:1204 real_choose_bitmap_format        [   0.16241] Found a format
d3d      I         d3d_disp.cpp:2381 d3d_create_bitmap                [   0.16242] Chose bitmap format 9
dtor     D               dtor.c:184  _al_register_destructor          [   0.16269] added dtor for object 0C6C46B8, func 0F7E21E9
d3d      D          d3d_bmp.cpp:539  _al_d3d_sync_bitmap              [   0.16296] _al_d3d_sync_bitmap (system) ref count == 1
d3d      D          d3d_bmp.cpp:545  _al_d3d_sync_bitmap              [   0.16298] _al_d3d_sync_bitmap (video) ref count == 1
d3d      D         d3d_disp.cpp:1186 real_choose_bitmap_format        [   0.16443] Fake format
d3d      D         d3d_disp.cpp:1186 real_choose_bitmap_format        [   0.16446] Fake format
d3d      D         d3d_disp.cpp:1186 real_choose_bitmap_format        [   0.16448] Fake format
d3d      D         d3d_disp.cpp:1186 real_choose_bitmap_format        [   0.16449] Fake format
d3d      D         d3d_disp.cpp:1186 real_choose_bitmap_format        [   0.16451] Fake format
d3d      D         d3d_disp.cpp:1186 real_choose_bitmap_format        [   0.16452] Fake format
d3d      D         d3d_disp.cpp:1186 real_choose_bitmap_format        [   0.16454] Fake format
d3d      D         d3d_disp.cpp:1186 real_choose_bitmap_format        [   0.16455] Fake format
d3d      D         d3d_disp.cpp:1186 real_choose_bitmap_format        [   0.16456] Fake format
d3d      D         d3d_disp.cpp:1194 real_choose_bitmap_format        [   0.16458] Alpha doesn't match
d3d      D         d3d_disp.cpp:1201 real_choose_bitmap_format        [   0.16459] Adapter format is 23
d3d      D         d3d_disp.cpp:1204 real_choose_bitmap_format        [   0.16461] Found a format
d3d      I         d3d_disp.cpp:2381 d3d_create_bitmap                [   0.16463] Chose bitmap format 9
dtor     D               dtor.c:184  _al_register_destructor          [   0.16494] added dtor for object 0C6DE928, func 0F7E21E9
d3d      D          d3d_bmp.cpp:539  _al_d3d_sync_bitmap              [   0.16501] _al_d3d_sync_bitmap (system) ref count == 1
d3d      D          d3d_bmp.cpp:545  _al_d3d_sync_bitmap              [   0.16503] _al_d3d_sync_bitmap (video) ref count == 1
d3d      D         d3d_disp.cpp:1186 real_choose_bitmap_format        [   0.16548] Fake format
d3d      D         d3d_disp.cpp:1186 real_choose_bitmap_format        [   0.16551] Fake format
d3d      D         d3d_disp.cpp:1186 real_choose_bitmap_format        [   0.16553] Fake format
d3d      D         d3d_disp.cpp:1186 real_choose_bitmap_format        [   0.16554] Fake format
d3d      D         d3d_disp.cpp:1186 real_choose_bitmap_format        [   0.16556] Fake format
d3d      D         d3d_disp.cpp:1186 real_choose_bitmap_format        [   0.16557] Fake format
d3d      D         d3d_disp.cpp:1186 real_choose_bitmap_format        [   0.16559] Fake format
d3d      D         d3d_disp.cpp:1186 real_choose_bitmap_format        [   0.16560] Fake format
d3d      D         d3d_disp.cpp:1186 real_choose_bitmap_format        [   0.16562] Fake format
d3d      D         d3d_disp.cpp:1194 real_choose_bitmap_format        [   0.16563] Alpha doesn't match
d3d      D         d3d_disp.cpp:1201 real_choose_bitmap_format        [   0.16565] Adapter format is 23
d3d      D         d3d_disp.cpp:1204 real_choose_bitmap_format        [   0.16566] Found a format
d3d      I         d3d_disp.cpp:2381 d3d_create_bitmap                [   0.16568] Chose bitmap format 9
dtor     D               dtor.c:184  _al_register_destructor          [   0.16588] added dtor for object 0C6E4918, func 0F7E21E9
d3d      D          d3d_bmp.cpp:539  _al_d3d_sync_bitmap              [   0.16594] _al_d3d_sync_bitmap (system) ref count == 1
d3d      D          d3d_bmp.cpp:545  _al_d3d_sync_bitmap              [   0.16596] _al_d3d_sync_bitmap (video) ref count == 1
d3d      D         d3d_disp.cpp:1186 real_choose_bitmap_format        [   0.16633] Fake format
d3d      D         d3d_disp.cpp:1186 real_choose_bitmap_format        [   0.16635] Fake format
d3d      D         d3d_disp.cpp:1186 real_choose_bitmap_format        [   0.16637] Fake format
d3d      D         d3d_disp.cpp:1186 real_choose_bitmap_format        [   0.16639] Fake format
d3d      D         d3d_disp.cpp:1186 real_choose_bitmap_format        [   0.16640] Fake format
d3d      D         d3d_disp.cpp:1186 real_choose_bitmap_format        [   0.16642] Fake format
d3d      D         d3d_disp.cpp:1186 real_choose_bitmap_format        [   0.16643] Fake format
d3d      D         d3d_disp.cpp:1186 real_choose_bitmap_format        [   0.16644] Fake format
d3d      D         d3d_disp.cpp:1186 real_choose_bitmap_format        [   0.16646] Fake format
d3d      D         d3d_disp.cpp:1194 real_choose_bitmap_format        [   0.16647] Alpha doesn't match
d3d      D         d3d_disp.cpp:1201 real_choose_bitmap_format        [   0.16649] Adapter format is 23
d3d      D         d3d_disp.cpp:1204 real_choose_bitmap_format        [   0.16650] Found a format
d3d      I         d3d_disp.cpp:2381 d3d_create_bitmap                [   0.16652] Chose bitmap format 9
dtor     D               dtor.c:184  _al_register_destructor          [   0.16725] added dtor for object 0C617CF0, func 0F7E21E9
d3d      D          d3d_bmp.cpp:539  _al_d3d_sync_bitmap              [   0.16884] _al_d3d_sync_bitmap (system) ref count == 1
d3d      D          d3d_bmp.cpp:545  _al_d3d_sync_bitmap              [   0.16888] _al_d3d_sync_bitmap (video) ref count == 1
d3d      D         d3d_disp.cpp:1186 real_choose_bitmap_format        [   0.17848] Fake format
d3d      D         d3d_disp.cpp:1186 real_choose_bitmap_format        [   0.17852] Fake format
d3d      D         d3d_disp.cpp:1186 real_choose_bitmap_format        [   0.17854] Fake format
d3d      D         d3d_disp.cpp:1186 real_choose_bitmap_format        [   0.17855] Fake format
d3d      D         d3d_disp.cpp:1186 real_choose_bitmap_format        [   0.17857] Fake format
d3d      D         d3d_disp.cpp:1186 real_choose_bitmap_format        [   0.17858] Fake format
d3d      D         d3d_disp.cpp:1186 real_choose_bitmap_format        [   0.17860] Fake format
d3d      D         d3d_disp.cpp:1186 real_choose_bitmap_format        [   0.17861] Fake format
d3d      D         d3d_disp.cpp:1186 real_choose_bitmap_format        [   0.17863] Fake format
d3d      D         d3d_disp.cpp:1194 real_choose_bitmap_format        [   0.17864] Alpha doesn't match
d3d      D         d3d_disp.cpp:1201 real_choose_bitmap_format        [   0.17867] Adapter format is 23
d3d      D         d3d_disp.cpp:1204 real_choose_bitmap_format        [   0.17869] Found a format
d3d      I         d3d_disp.cpp:2381 d3d_create_bitmap                [   0.17870] Chose bitmap format 9
dtor     D               dtor.c:184  _al_register_destructor          [   0.18015] added dtor for object 0C6A8118, func 0F7E21E9
d3d      D          d3d_bmp.cpp:539  _al_d3d_sync_bitmap              [   0.18167] _al_d3d_sync_bitmap (system) ref count == 1
d3d      D          d3d_bmp.cpp:545  _al_d3d_sync_bitmap              [   0.18171] _al_d3d_sync_bitmap (video) ref count == 1
d3d      D         d3d_disp.cpp:1186 real_choose_bitmap_format        [   0.19390] Fake format
d3d      D         d3d_disp.cpp:1186 real_choose_bitmap_format        [   0.19395] Fake format
d3d      D         d3d_disp.cpp:1186 real_choose_bitmap_format        [   0.19396] Fake format
d3d      D         d3d_disp.cpp:1186 real_choose_bitmap_format        [   0.19398] Fake format
d3d      D         d3d_disp.cpp:1186 real_choose_bitmap_format        [   0.19400] Fake format
d3d      D         d3d_disp.cpp:1186 real_choose_bitmap_format        [   0.19402] Fake format
d3d      D         d3d_disp.cpp:1186 real_choose_bitmap_format        [   0.19404] Fake format
d3d      D         d3d_disp.cpp:1186 real_choose_bitmap_format        [   0.19406] Fake format
d3d      D         d3d_disp.cpp:1186 real_choose_bitmap_format        [   0.19407] Fake format
d3d      D         d3d_disp.cpp:1194 real_choose_bitmap_format        [   0.19409] Alpha doesn't match
d3d      D         d3d_disp.cpp:1201 real_choose_bitmap_format        [   0.19411] Adapter format is 23
d3d      D         d3d_disp.cpp:1204 real_choose_bitmap_format        [   0.19413] Found a format
d3d      I         d3d_disp.cpp:2381 d3d_create_bitmap                [   0.19414] Chose bitmap format 9
dtor     D               dtor.c:184  _al_register_destructor          [   0.19485] added dtor for object 0C6A8280, func 0F7E21E9
d3d      D          d3d_bmp.cpp:539  _al_d3d_sync_bitmap              [   0.19491] _al_d3d_sync_bitmap (system) ref count == 1
d3d      D          d3d_bmp.cpp:545  _al_d3d_sync_bitmap              [   0.19493] _al_d3d_sync_bitmap (video) ref count == 1
d3d      D         d3d_disp.cpp:1186 real_choose_bitmap_format        [   0.19570] Fake format
d3d      D         d3d_disp.cpp:1186 real_choose_bitmap_format        [   0.19572] Fake format
d3d      D         d3d_disp.cpp:1186 real_choose_bitmap_format        [   0.19574] Fake format
d3d      D         d3d_disp.cpp:1186 real_choose_bitmap_format        [   0.19575] Fake format
d3d      D         d3d_disp.cpp:1186 real_choose_bitmap_format        [   0.19576] Fake format
d3d      D         d3d_disp.cpp:1186 real_choose_bitmap_format        [   0.19578] Fake format
d3d      D         d3d_disp.cpp:1186 real_choose_bitmap_format        [   0.19579] Fake format
d3d      D         d3d_disp.cpp:1186 real_choose_bitmap_format        [   0.19580] Fake format
d3d      D         d3d_disp.cpp:1186 real_choose_bitmap_format        [   0.19582] Fake format
d3d      D         d3d_disp.cpp:1194 real_choose_bitmap_format        [   0.19583] Alpha doesn't match
d3d      D         d3d_disp.cpp:1201 real_choose_bitmap_format        [   0.19585] Adapter format is 23
d3d      D         d3d_disp.cpp:1204 real_choose_bitmap_format        [   0.19586] Found a format
d3d      I         d3d_disp.cpp:2381 d3d_create_bitmap                [   0.19588] Chose bitmap format 9
dtor     D               dtor.c:184  _al_register_destructor          [   0.19611] added dtor for object 0C6F72C8, func 0F7E21E9
d3d      D          d3d_bmp.cpp:539  _al_d3d_sync_bitmap              [   0.19616] _al_d3d_sync_bitmap (system) ref count == 1
d3d      D          d3d_bmp.cpp:545  _al_d3d_sync_bitmap              [   0.19618] _al_d3d_sync_bitmap (video) ref count == 1
d3d      D         d3d_disp.cpp:1186 real_choose_bitmap_format        [   0.19664] Fake format
d3d      D         d3d_disp.cpp:1186 real_choose_bitmap_format        [   0.19667] Fake format
d3d      D         d3d_disp.cpp:1186 real_choose_bitmap_format        [   0.19668] Fake format
d3d      D         d3d_disp.cpp:1186 real_choose_bitmap_format        [   0.19670] Fake format
d3d      D         d3d_disp.cpp:1186 real_choose_bitmap_format        [   0.19671] Fake format
d3d      D         d3d_disp.cpp:1186 real_choose_bitmap_format        [   0.19673] Fake format
d3d      D         d3d_disp.cpp:1186 real_choose_bitmap_format        [   0.19674] Fake format
d3d      D         d3d_disp.cpp:1186 real_choose_bitmap_format        [   0.19676] Fake format
d3d      D         d3d_disp.cpp:1186 real_choose_bitmap_format        [   0.19677] Fake format
d3d      D         d3d_disp.cpp:1194 real_choose_bitmap_format        [   0.19679] Alpha doesn't match
d3d      D         d3d_disp.cpp:1201 real_choose_bitmap_format        [   0.19680] Adapter format is 23
d3d      D         d3d_disp.cpp:1204 real_choose_bitmap_format        [   0.19682] Found a format
d3d      I         d3d_disp.cpp:2381 d3d_create_bitmap                [   0.19683] Chose bitmap format 9
dtor     D               dtor.c:184  _al_register_destructor          [   0.19708] added dtor for object 0C6A8AA8, func 0F7E21E9
d3d      D          d3d_bmp.cpp:539  _al_d3d_sync_bitmap              [   0.19713] _al_d3d_sync_bitmap (system) ref count == 1
d3d      D          d3d_bmp.cpp:545  _al_d3d_sync_bitmap              [   0.19715] _al_d3d_sync_bitmap (video) ref count == 1
dtor     D               dtor.c:184  _al_register_destructor          [   0.19763] added dtor for object 0C6789C0, func 0FB013E3
dtor     D               dtor.c:184  _al_register_destructor          [   0.19774] added dtor for object 0C678390, func 0FB013E3
wav      I                wav.c:107  wav_open                         [   0.19785] Ignoring chunk: LIST
dtor     D               dtor.c:184  _al_register_destructor          [   0.20943] added dtor for object 0C678420, func 0FB013E3
audio-dsound D           dsound.cpp:320  _dsound_allocate_voice           [   0.23103] Allocating voice
audio-dsound D           dsound.cpp:379  _dsound_allocate_voice           [   0.23108] Allocated voice
dtor     D               dtor.c:184  _al_register_destructor          [   0.23110] added dtor for object 0C684BE0, func 0FB01177
dtor     D               dtor.c:184  _al_register_destructor          [   0.23114] added dtor for object 0301E908, func 0FB011F4
audio-dsound D           dsound.cpp:476  _dsound_start_voice              [   0.23119] Starting voice
audio-dsound D           dsound.cpp:504  _dsound_start_voice              [   0.23120] CreateSoundBuffer
audio-dsound D           dsound.cpp:513  _dsound_start_voice              [   0.23290] CreateSoundBuffer succeeded
audio-dsound D           dsound.cpp:519  _dsound_start_voice              [   0.23296] Starting _dsound_update thread
audio-dsound I           dsound.cpp:529  _dsound_start_voice              [   0.23697] Voice started
dtor     D               dtor.c:184  _al_register_destructor          [   0.23705] added dtor for object 02FE64D8, func 0FB014B0
audio    D          kcm_mixer.c:121  _al_rechannel_matrix             [   0.23710] sample matrix:
audio    D          kcm_mixer.c:127  _al_rechannel_matrix             [   0.23712] 
audio    D          kcm_mixer.c:127  _al_rechannel_matrix             [   0.23713] 
dtor     D               dtor.c:184  _al_register_destructor          [   0.23716] added dtor for object 02FE66E8, func 0FB014B0
audio    D          kcm_mixer.c:121  _al_rechannel_matrix             [   0.23718] sample matrix:
audio    D          kcm_mixer.c:127  _al_rechannel_matrix             [   0.23719] 
audio    D          kcm_mixer.c:127  _al_rechannel_matrix             [   0.23721] 
dtor     D               dtor.c:184  _al_register_destructor          [   0.23722] added dtor for object 02FE5878, func 0FB014B0
audio    D          kcm_mixer.c:121  _al_rechannel_matrix             [   0.23725] sample matrix:
audio    D          kcm_mixer.c:127  _al_rechannel_matrix             [   0.23727] 
audio    D          kcm_mixer.c:127  _al_rechannel_matrix             [   0.23728] 
dtor     D               dtor.c:184  _al_register_destructor          [   0.23730] added dtor for object 0C7225F8, func 0FB014B0
audio    D          kcm_mixer.c:121  _al_rechannel_matrix             [   0.23732] sample matrix:
audio    D          kcm_mixer.c:127  _al_rechannel_matrix             [   0.23735]  0.707107 0.000000
audio    D          kcm_mixer.c:127  _al_rechannel_matrix             [   0.23737]  0.000000 0.707107
d3d      D          d3d_bmp.cpp:539  _al_d3d_sync_bitmap              [   0.23890] _al_d3d_sync_bitmap (system) ref count == 1
d3d      D          d3d_bmp.cpp:545  _al_d3d_sync_bitmap              [   0.23896] _al_d3d_sync_bitmap (video) ref count == 1
d3d      D          d3d_bmp.cpp:539  _al_d3d_sync_bitmap              [   0.23900] _al_d3d_sync_bitmap (system) ref count == 1
d3d      D          d3d_bmp.cpp:545  _al_d3d_sync_bitmap              [   0.23902] _al_d3d_sync_bitmap (video) ref count == 1
d3d      D          d3d_bmp.cpp:539  _al_d3d_sync_bitmap              [   0.23912] _al_d3d_sync_bitmap (system) ref count == 1
d3d      D          d3d_bmp.cpp:545  _al_d3d_sync_bitmap              [   0.23914] _al_d3d_sync_bitmap (video) ref count == 1
d3d      D          d3d_bmp.cpp:539  _al_d3d_sync_bitmap              [   0.23923] _al_d3d_sync_bitmap (system) ref count == 1
d3d      D          d3d_bmp.cpp:545  _al_d3d_sync_bitmap              [   0.23925] _al_d3d_sync_bitmap (video) ref count == 1
d3d      D          d3d_bmp.cpp:539  _al_d3d_sync_bitmap              [   0.23933] _al_d3d_sync_bitmap (system) ref count == 1
d3d      D          d3d_bmp.cpp:545  _al_d3d_sync_bitmap              [   0.23935] _al_d3d_sync_bitmap (video) ref count == 1
d3d      D          d3d_bmp.cpp:539  _al_d3d_sync_bitmap              [   0.23942] _al_d3d_sync_bitmap (system) ref count == 1
d3d      D          d3d_bmp.cpp:545  _al_d3d_sync_bitmap              [   0.23944] _al_d3d_sync_bitmap (video) ref count == 1
d3d      D          d3d_bmp.cpp:539  _al_d3d_sync_bitmap              [   0.24026] _al_d3d_sync_bitmap (system) ref count == 1
d3d      D          d3d_bmp.cpp:545  _al_d3d_sync_bitmap              [   0.24030] _al_d3d_sync_bitmap (video) ref count == 1
d3d      D          d3d_bmp.cpp:539  _al_d3d_sync_bitmap              [   0.24129] _al_d3d_sync_bitmap (system) ref count == 1
d3d      D          d3d_bmp.cpp:545  _al_d3d_sync_bitmap              [   0.24134] _al_d3d_sync_bitmap (video) ref count == 1
d3d      D          d3d_bmp.cpp:539  _al_d3d_sync_bitmap              [   0.24149] _al_d3d_sync_bitmap (system) ref count == 1
d3d      D          d3d_bmp.cpp:545  _al_d3d_sync_bitmap              [   0.24151] _al_d3d_sync_bitmap (video) ref count == 1
d3d      D          d3d_bmp.cpp:539  _al_d3d_sync_bitmap              [   0.24162] _al_d3d_sync_bitmap (system) ref count == 1
d3d      D          d3d_bmp.cpp:545  _al_d3d_sync_bitmap              [   0.24164] _al_d3d_sync_bitmap (video) ref count == 1
audio    D          kcm_mixer.c:121  _al_rechannel_matrix             [   3.04605] sample matrix:
audio    D          kcm_mixer.c:127  _al_rechannel_matrix             [   3.04610]  0.500000
audio    D          kcm_mixer.c:127  _al_rechannel_matrix             [   3.04612]  0.500000
audio    D          kcm_mixer.c:121  _al_rechannel_matrix             [   4.29524] sample matrix:
audio    D          kcm_mixer.c:127  _al_rechannel_matrix             [   4.29530]  0.500000
audio    D          kcm_mixer.c:127  _al_rechannel_matrix             [   4.29534]  0.500000
d3d      I         d3d_disp.cpp:899  d3d_destroy_display              [  10.41192] destroying display 058F9330 (current 00000000)
bitmap   D        bitmap_type.c:300  _al_convert_to_memory_bitmap     [  10.41455] converting display bitmap 0C6A8AA8 to memory bitmap
dtor     D               dtor.c:184  _al_register_destructor          [  10.41463] added dtor for object 1208A788, func 0F7E21E9
d3d      D          d3d_bmp.cpp:539  _al_d3d_sync_bitmap              [  10.41469] _al_d3d_sync_bitmap (system) ref count == 1
d3d      D          d3d_bmp.cpp:545  _al_d3d_sync_bitmap              [  10.41474] _al_d3d_sync_bitmap (video) ref count == 1
dtor     D               dtor.c:214  _al_unregister_destructor        [  10.41494] removed dtor for object 1208A788
bitmap   D        bitmap_type.c:300  _al_convert_to_memory_bitmap     [  10.41509] converting display bitmap 0C6F72C8 to memory bitmap
dtor     D               dtor.c:184  _al_register_destructor          [  10.41517] added dtor for object 1208A788, func 0F7E21E9
d3d      D          d3d_bmp.cpp:539  _al_d3d_sync_bitmap              [  10.41522] _al_d3d_sync_bitmap (system) ref count == 1
d3d      D          d3d_bmp.cpp:545  _al_d3d_sync_bitmap              [  10.41526] _al_d3d_sync_bitmap (video) ref count == 1
dtor     D               dtor.c:214  _al_unregister_destructor        [  10.41563] removed dtor for object 1208A788
bitmap   D        bitmap_type.c:300  _al_convert_to_memory_bitmap     [  10.41569] converting display bitmap 0C6A8280 to memory bitmap
dtor     D               dtor.c:184  _al_register_destructor          [  10.41576] added dtor for object 1208A788, func 0F7E21E9
d3d      D          d3d_bmp.cpp:539  _al_d3d_sync_bitmap              [  10.41580] _al_d3d_sync_bitmap (system) ref count == 1
d3d      D          d3d_bmp.cpp:545  _al_d3d_sync_bitmap              [  10.41584] _al_d3d_sync_bitmap (video) ref count == 1
dtor     D               dtor.c:214  _al_unregister_destructor        [  10.41617] removed dtor for object 1208A788
bitmap   D        bitmap_type.c:300  _al_convert_to_memory_bitmap     [  10.41623] converting display bitmap 0C6A8118 to memory bitmap
dtor     D               dtor.c:184  _al_register_destructor          [  10.41712] added dtor for object 1208A788, func 0F7E21E9
d3d      D          d3d_bmp.cpp:539  _al_d3d_sync_bitmap              [  10.41716] _al_d3d_sync_bitmap (system) ref count == 1
d3d      D          d3d_bmp.cpp:545  _al_d3d_sync_bitmap              [  10.41719] _al_d3d_sync_bitmap (video) ref count == 1
dtor     D               dtor.c:214  _al_unregister_destructor        [  10.41878] removed dtor for object 1208A788
bitmap   D        bitmap_type.c:300  _al_convert_to_memory_bitmap     [  10.41938] converting display bitmap 0C617CF0 to memory bitmap
dtor     D               dtor.c:184  _al_register_destructor          [  10.42026] added dtor for object 1208A788, func 0F7E21E9
d3d      D          d3d_bmp.cpp:539  _al_d3d_sync_bitmap              [  10.42031] _al_d3d_sync_bitmap (system) ref count == 1
d3d      D          d3d_bmp.cpp:545  _al_d3d_sync_bitmap              [  10.42034] _al_d3d_sync_bitmap (video) ref count == 1
dtor     D               dtor.c:214  _al_unregister_destructor        [  10.42178] removed dtor for object 1208A788
bitmap   D        bitmap_type.c:300  _al_convert_to_memory_bitmap     [  10.42235] converting display bitmap 0C6E4918 to memory bitmap
dtor     D               dtor.c:184  _al_register_destructor          [  10.42240] added dtor for object 1208A788, func 0F7E21E9
d3d      D          d3d_bmp.cpp:539  _al_d3d_sync_bitmap              [  10.42245] _al_d3d_sync_bitmap (system) ref count == 1
d3d      D          d3d_bmp.cpp:545  _al_d3d_sync_bitmap              [  10.42248] _al_d3d_sync_bitmap (video) ref count == 1
dtor     D               dtor.c:214  _al_unregister_destructor        [  10.42298] removed dtor for object 1208A788
bitmap   D        bitmap_type.c:300  _al_convert_to_memory_bitmap     [  10.42304] converting display bitmap 0C6DE928 to memory bitmap
dtor     D               dtor.c:184  _al_register_destructor          [  10.42308] added dtor for object 1208A788, func 0F7E21E9
d3d      D          d3d_bmp.cpp:539  _al_d3d_sync_bitmap              [  10.42312] _al_d3d_sync_bitmap (system) ref count == 1
d3d      D          d3d_bmp.cpp:545  _al_d3d_sync_bitmap              [  10.42315] _al_d3d_sync_bitmap (video) ref count == 1
dtor     D               dtor.c:214  _al_unregister_destructor        [  10.42362] removed dtor for object 1208A788
bitmap   D        bitmap_type.c:300  _al_convert_to_memory_bitmap     [  10.42368] converting display bitmap 0C6C46B8 to memory bitmap
dtor     D               dtor.c:184  _al_register_destructor          [  10.42372] added dtor for object 1208A788, func 0F7E21E9
d3d      D          d3d_bmp.cpp:539  _al_d3d_sync_bitmap              [  10.42376] _al_d3d_sync_bitmap (system) ref count == 1
d3d      D          d3d_bmp.cpp:545  _al_d3d_sync_bitmap              [  10.42379] _al_d3d_sync_bitmap (video) ref count == 1
dtor     D               dtor.c:214  _al_unregister_destructor        [  10.42439] removed dtor for object 1208A788
bitmap   D        bitmap_type.c:300  _al_convert_to_memory_bitmap     [  10.42445] converting display bitmap 0C6A90A8 to memory bitmap
dtor     D               dtor.c:184  _al_register_destructor          [  10.42450] added dtor for object 1208A788, func 0F7E21E9
d3d      D          d3d_bmp.cpp:539  _al_d3d_sync_bitmap              [  10.42454] _al_d3d_sync_bitmap (system) ref count == 1
d3d      D          d3d_bmp.cpp:545  _al_d3d_sync_bitmap              [  10.42457] _al_d3d_sync_bitmap (video) ref count == 1
dtor     D               dtor.c:214  _al_unregister_destructor        [  10.42514] removed dtor for object 1208A788
bitmap   D        bitmap_type.c:300  _al_convert_to_memory_bitmap     [  10.42520] converting display bitmap 0C685DB8 to memory bitmap
dtor     D               dtor.c:184  _al_register_destructor          [  10.42524] added dtor for object 1208A788, func 0F7E21E9
d3d      D          d3d_bmp.cpp:539  _al_d3d_sync_bitmap              [  10.42528] _al_d3d_sync_bitmap (system) ref count == 1
d3d      D          d3d_bmp.cpp:545  _al_d3d_sync_bitmap              [  10.42531] _al_d3d_sync_bitmap (video) ref count == 1
dtor     D               dtor.c:214  _al_unregister_destructor        [  10.42588] removed dtor for object 1208A788
d3d      D         d3d_disp.cpp:883  d3d_destroy_display_internals    [  10.42594] waiting for display 058F9330's thread to end
d3d      W         d3d_disp.cpp:593  d3d_destroy_device               [  10.43319] d3d_destroy_device: ref count not 0
d3d      I         d3d_disp.cpp:1551 d3d_display_thread_proc          [  10.44785] d3d display thread exits
dtor     D               dtor.c:214  _al_unregister_destructor        [  10.44821] removed dtor for object 0C685DB8
dtor     D               dtor.c:214  _al_unregister_destructor        [  10.44834] removed dtor for object 0C6A90A8
dtor     D               dtor.c:214  _al_unregister_destructor        [  10.44838] removed dtor for object 0C6C46B8
dtor     D               dtor.c:214  _al_unregister_destructor        [  10.44847] removed dtor for object 0C6DE928
dtor     D               dtor.c:214  _al_unregister_destructor        [  10.44851] removed dtor for object 0C6E4918
dtor     D               dtor.c:214  _al_unregister_destructor        [  10.44854] removed dtor for object 0C617CF0
dtor     D               dtor.c:214  _al_unregister_destructor        [  10.44889] removed dtor for object 0C6A8118
dtor     D               dtor.c:214  _al_unregister_destructor        [  10.44926] removed dtor for object 0C6A8AA8
dtor     D               dtor.c:214  _al_unregister_destructor        [  10.44930] removed dtor for object 0C6F72C8
dtor     D               dtor.c:214  _al_unregister_destructor        [  10.44934] removed dtor for object 0C6A8280
dtor     D               dtor.c:214  _al_unregister_destructor        [  10.44943] removed dtor for object 0C6789C0
dtor     D               dtor.c:214  _al_unregister_destructor        [  10.44982] removed dtor for object 0C678390
dtor     D               dtor.c:214  _al_unregister_destructor        [  10.44989] removed dtor for object 0C678420
dtor     D               dtor.c:214  _al_unregister_destructor        [  10.45704] removed dtor for object 0C7225F8
dtor     D               dtor.c:214  _al_unregister_destructor        [  10.45710] removed dtor for object 02FE1D20
dtor     D               dtor.c:114  _al_run_destructors              [  10.45716] calling dtor for object 03052B70, func 0F7E172B
dtor     D               dtor.c:214  _al_unregister_destructor        [  10.46226] removed dtor for object 03052B70
dtor     D               dtor.c:214  _al_unregister_destructor        [  10.46231] removed dtor for object 02FE64D8
dtor     D               dtor.c:214  _al_unregister_destructor        [  10.46235] removed dtor for object 02FE66E8
dtor     D               dtor.c:214  _al_unregister_destructor        [  10.46237] removed dtor for object 02FE5878
dtor     D               dtor.c:214  _al_unregister_destructor        [  10.46240] removed dtor for object 0301E908
audio-dsound D           dsound.cpp:539  _dsound_stop_voice               [  10.46243] Stopping voice
audio-dsound D           dsound.cpp:556  _dsound_stop_voice               [  10.46246] Joining thread
audio-dsound D           dsound.cpp:562  _dsound_stop_voice               [  10.46656] Joined thread
audio-dsound D           dsound.cpp:564  _dsound_stop_voice               [  10.46660] Destroying thread
audio-dsound D           dsound.cpp:566  _dsound_stop_voice               [  10.46664] Thread destroyed
audio-dsound D           dsound.cpp:573  _dsound_stop_voice               [  10.46667] Releasing buffer
audio-dsound I           dsound.cpp:577  _dsound_stop_voice               [  10.46670] Voice stopped
dtor     D               dtor.c:214  _al_unregister_destructor        [  10.46673] removed dtor for object 0C684BE0
audio-dsound D           dsound.cpp:389  _dsound_deallocate_voice         [  10.46676] Deallocating voice
audio-dsound D           dsound.cpp:394  _dsound_deallocate_voice         [  10.46679] Deallocated voice
audio-dsound D           dsound.cpp:303  _dsound_close                    [  10.46682] Releasing device
audio-dsound D           dsound.cpp:305  _dsound_close                    [  10.47429] Released device
audio-dsound I           dsound.cpp:308  _dsound_close                    [  10.47434] DirectSound closed
